C51 COMPILER V7.10   MAIN                                                                  04/15/2017 20:41:12 PAGE 1   


C51 COMPILER V7.10, COMPILATION OF MODULE MAIN
OBJECT MODULE PLACED IN ..\Output\Main.obj
COMPILER INVOKED BY: C:\Users\lyxso\System\Tools\Keil\C51\BIN\C51.EXE Main.c ROM(COMPACT) OPTIMIZE(9,SPEED) INCDIR(C:\Us
                    -ers\lyxso\System\Tools\Keil\C51\INC\) OBJECT(..\Output\Main.obj)

line level    source

   1          /*
   2                  (*)     Clock
   3          
   4                          LyxSoft 13.10.2015
   5          
   6          */
   7          
   8          #include "STC\STC15F104E.H"
   9          //#include "DS1302.h"
  10          
  11          #define __REVERSE__
  12          
  13          /*                                      0    1    2        3    4        5        6        7    8        9    
  14                                                                                                                                                                                          
  15                                                  0    1    2    3    4    5    6    7    8    9   10*/
  16          
  17          unsigned char code tblNumbers[]    ={0xC0,0xF9,0xA4,0xB0,0x99,0x92,0x82,0xF8,0x80,0x90,0xBF};
  18          unsigned char code tblNumbersRev[] ={0xC0,0xCF,0xA4,0x86,0x8B,0x92,0x90,0xC7,0x80,0x82,0xBF};
  19          
  20          #define MAKEBCD(nValue) ((((nValue) / 10) << 4) + ((nValue) % 10))
  21          #define GETBCD(nBCD)    ((((nBCD) >> 4) * 10) + ((nBCD) & 0xF))
  22          
  23          //50 us  @ 33Mhz System Clock
  24          #define TIME_LOW    0x8E
  25          #define TIME_HIGH   0xF9
  26          
  27          #define KEY_START       P30
  28          #define KEY_EC11_D      P31
  29          #define KEY_EC11_A      P15
  30          #define KEY_EC11_B      P14
  31          
  32          #define BEEP    P33
  33          
  34          
  35          #define DotOn()         {nData1 &= 0x7F; nData2 &= 0x7F;}
  36          #define DotOff()        {nData1 |= 0x80; nData2 |= 0x80;}
  37          
  38          #define COUNTDOWN_BEEP 3
  39          #define COUNTDOWN_FLASH 3
  40          
  41          bit bBlockClock;
  42          
  43          // Clock
  44          //static DS1302Time nCurrentTime; 
  45          static unsigned char n100Ms, nMs;
  46          
  47          
  48          // Counting
  49          static bit bCount;
  50          static unsigned char nCountDownSec, nCountDownMin, nLastMin, nLastSec;
  51          
  52          // Display
  53          static unsigned char nLED, nData0, nData1, nData2, nData3, nFocusFlags;
  54          static bit bDot, bSound;
C51 COMPILER V7.10   MAIN                                                                  04/15/2017 20:41:12 PAGE 2   

  55          
  56          
  57          #ifdef __REVERSE__
  58          void DisplayDecNumL (unsigned char nNumLow)
  59          {
  60   1              nData3 = tblNumbersRev [nNumLow & 0xF];
  61   1              nData2 = tblNumbersRev [nNumLow >> 4];
  62   1      }
  63          
  64          void DisplayDecNumH (unsigned char nNumHigh)
  65          {
  66   1              nData1 = tblNumbers [nNumHigh & 0xF];
  67   1              nData0 = tblNumbersRev [nNumHigh >> 4];
  68   1      }
  69          
  70          void DisplayDecNum (unsigned char nNumLow, unsigned char nNumHigh)
  71          {
  72   1              nData3 = tblNumbersRev [nNumLow & 0xF];
  73   1              nData2 = tblNumbersRev [nNumLow >> 4];
  74   1              nData1 = tblNumbers [nNumHigh & 0xF];
  75   1              nData0 = tblNumbersRev [nNumHigh >> 4];
  76   1      }
  77          #else
              void DisplayDecNumL (unsigned char nNumLow)
              {
                      nData0 = tblNumbers [nNumLow & 0xF];
                      nData1 = tblNumbersRev [nNumLow >> 4];
              }
              
              void DisplayDecNumH (unsigned char nNumHigh)
              {
                      nData2 = tblNumbers [nNumHigh & 0xF];
                      nData3 = tblNumbers [nNumHigh >> 4];
              }
              
              void DisplayDecNum (unsigned char nNumLow, unsigned char nNumHigh)
              {
                      nData0 = tblNumbers [nNumLow & 0xF];
                      nData1 = tblNumbersRev [nNumLow >> 4];
                      nData2 = tblNumbers [nNumHigh & 0xF];
                      nData3 = tblNumbers [nNumHigh >> 4];
              }
              #endif
  98          
  99          void OnTimer () interrupt 1
 100          {
 101   1              //static unsigned char nLastSec;
 102   1              static unsigned char nShowCount = 0, nUs = 0;
 103   1              static unsigned char nBeepCount = 0, nFlashCount = 0;
 104   1                      
 105   1      
 106   1              if (bBlockClock)
 107   1                      return;
 108   1      
 109   1              bBlockClock = 1;
 110   1              // Clock
 111   1      
 112   1              nUs ++;
 113   1              if (nUs >= 20)
 114   1              {
 115   2                      nUs = 0;
 116   2      
C51 COMPILER V7.10   MAIN                                                                  04/15/2017 20:41:12 PAGE 3   

 117   2                      if (nBeepCount)
 118   2                      {
 119   3                              nBeepCount --;
 120   3                              if (!nBeepCount)
 121   3                              {
 122   4                                      bSound = 0;
 123   4                                      BEEP = 1;
 124   4                              }
 125   3                      }
 126   2                      else if (bSound)
 127   2                      {
 128   3                              nBeepCount = 100;
 129   3                              BEEP = 0;
 130   3                      }
 131   2      
 132   2                      nMs ++;
 133   2                      if (nMs >= 100)
 134   2                      {
 135   3                              nMs = 0;
 136   3      
 137   3                              n100Ms ++;
 138   3                              if (n100Ms == 5)
 139   3                              {
 140   4                                      bDot = 0;
 141   4                                      if (bCount)
 142   4                                              DotOff ();
 143   4                              }
 144   3                              else if (n100Ms >= 10)
 145   3                              {
 146   4                                      // Time Changed
 147   4                                      n100Ms = 0;
 148   4                                      bDot = 1;
 149   4                                      if (bCount)
 150   4                                      {
 151   5                                              if (nFlashCount)
 152   5                                              {
 153   6                                                      nFlashCount --;
 154   6                                                      if (!nFlashCount)
 155   6                                                      {
 156   7                                                              bCount = 0;
 157   7                                                              nCountDownMin = nLastMin;
 158   7                                                              nCountDownSec = nLastSec;
 159   7                                                              DisplayDecNum (MAKEBCD(nCountDownSec), MAKEBCD(nCountDownMin));
 160   7                                                      }
 161   6                                              }
 162   5                                              else if (nCountDownMin)
 163   5                                              {
 164   6                                                      if (!nCountDownSec)
 165   6                                                      {
 166   7                                                              nCountDownMin --;
 167   7                                                              nCountDownSec = 59;
 168   7                                                              DisplayDecNum (MAKEBCD(nCountDownSec), MAKEBCD(nCountDownMin));
 169   7                                                      }
 170   6                                                      else
 171   6                                                      {
 172   7                                                              nCountDownSec --;
 173   7                                                              DisplayDecNumL (MAKEBCD(nCountDownSec));
 174   7                                                      }
 175   6                                              }
 176   5                                              else if (nCountDownSec)
 177   5                                              {
 178   6                                                      nCountDownSec --;
C51 COMPILER V7.10   MAIN                                                                  04/15/2017 20:41:12 PAGE 4   

 179   6                                                      DisplayDecNumL (MAKEBCD(nCountDownSec));
 180   6      
 181   6                                                      if (nCountDownSec <= COUNTDOWN_BEEP)
 182   6                                                              bSound = 1;
 183   6                                              }
 184   5                                              else
 185   5                                              {
 186   6                                                      nFlashCount = COUNTDOWN_FLASH - 1;
 187   6                                                      DisplayDecNum (0xAA, 0xAA);
 188   6                                              }
 189   5                                      }                               
 190   4                                      DotOn ();
 191   4                              }
 192   3                              //PreDisplay ();
 193   3                      }       // Per 100 MS
 194   2              }
 195   1      
 196   1              if (nUs == 0 || nUs == 10)
 197   1              {
 198   2                      // Display
 199   2      
 200   2                      switch (nLED)
 201   2                      {
 202   3                      case 0:
 203   3                              P34 = 1;
 204   3                              if (nShowCount > 3 || (nFocusFlags & 0x1))
 205   3                              {
 206   4                                      P2 = nData0;
 207   4                                      P37 = 0; //Lighton LED
 208   4                              }
 209   3                              nLED ++;
 210   3                              break;
 211   3                      case 1:
 212   3                              P37 = 1;
 213   3                              if (nShowCount > 3 || (nFocusFlags & 0x2))
 214   3                              {
 215   4                                      P2 = nData1;
 216   4                                      P36 = 0;
 217   4                              }
 218   3                              nLED ++;
 219   3                              break;
 220   3                      case 2:
 221   3                              P36 = 1;
 222   3                              if (nShowCount > 3 || (nFocusFlags & 0x4))
 223   3                              {
 224   4                                      P2 = nData2;
 225   4                                      P35 = 0;
 226   4                              }
 227   3                              nLED ++;
 228   3                              break;
 229   3                      case 3:
 230   3                              P35 = 1;
 231   3                              if (nShowCount > 3 || (nFocusFlags & 0x8))
 232   3                              {
 233   4                                      P2 = nData3;
 234   4                                      P34 = 0;
 235   4                              }
 236   3                              nLED = 0;
 237   3                              break;
 238   3                      }
 239   2                      nShowCount ++;
 240   2                      if (nShowCount >= 8)
C51 COMPILER V7.10   MAIN                                                                  04/15/2017 20:41:12 PAGE 5   

 241   2                              nShowCount = 0;
 242   2              }
 243   1      
 244   1              bBlockClock = 0;
 245   1      }
 246          
 247          void Delay100ms()
 248          {
 249   1              unsigned char n100MsSave, nMsSave;
 250   1      
 251   1              n100MsSave = n100Ms;
 252   1              nMsSave = nMs;
 253   1      
 254   1              while (n100Ms == n100MsSave);
 255   1              while (nMsSave != nMs);
 256   1      }
 257          
 258          void Delay1ms()
 259          {
 260   1              unsigned char nMsSave;
 261   1      
 262   1              nMsSave = nMs;
 263   1      
 264   1              while (nMsSave == nMs);
 265   1      }
 266          
 267          
 268          void InitTimer ()
 269          {
 270   1              bBlockClock = 1;
 271   1      
 272   1              bDot = 1;
 273   1              n100Ms = 0;
 274   1              nMs = 0;
 275   1              nLED = 0;
 276   1      
 277   1              nCountDownSec = 0;
 278   1              nCountDownMin = 0;
 279   1              nLastSec = 0;
 280   1              nLastMin = 0;
 281   1              bCount = 0;
 282   1              DisplayDecNum (0, 0);
 283   1              DotOn ();
 284   1              //ClockInit ();
 285   1      
 286   1              bBlockClock = 0;
 287   1      
 288   1              AUXR |= 0x80;           // 1T mode
 289   1              TMOD = 0;                       // Timer Mode
 290   1              TL0 = TIME_LOW;
 291   1              TH0 = TIME_HIGH;                        // 1ms
 292   1              TCON = 0x10;            // Timer
 293   1              IE = 0x82;                      // INT
 294   1      
 295   1      }
 296          
 297          void main()
 298          {
 299   1              // Buttons
 300   1              bit bStatusEC11A = 1, bStatusEC11B = 1, bPause = 0;
 301   1      
 302   1              InitTimer ();
C51 COMPILER V7.10   MAIN                                                                  04/15/2017 20:41:12 PAGE 6   

 303   1      
 304   1              bSound = 1;
 305   1              nFocusFlags = 0xF;
 306   1      
 307   1      
 308   1              // Init Inputs
 309   1              // P1M1 = 1; P1M0 = 0; Only Input
 310   1              // P1M1 = 0; P1M0 = 0; I/O
 311   1              // P1M1 = 0; P1M0 = 1; 20ma Output
 312   1              // P1M1 = 1; P1M0 = 1; Open Drain
 313   1      
 314   1              P1M1 = 0xCF; //11001111
 315   1              P1M0 = 0x0;  //00000000
 316   1              //P3M1 = 0xFC;  //00000011
 317   1              //P3M0 = 0x0;    //00000000
 318   1      
 319   1              while (1)
 320   1              {
 321   2                      if (KEY_EC11_A && KEY_EC11_B)
 322   2                      {
 323   3                              if (!bCount)
 324   3                              {
 325   4                                      if (!bStatusEC11A)
 326   4                                      {
 327   5                                              // Decrease
 328   5                                              if (nFocusFlags == 0xF)
 329   5                                              {
 330   6                                                      if (nCountDownMin)
 331   6                                                      {
 332   7                                                              nCountDownMin --;
 333   7                                                              DisplayDecNumH (MAKEBCD(nCountDownMin));
 334   7                                                      }
 335   6                                              }
 336   5                                              else
 337   5                                              {
 338   6                                                      if (nCountDownSec)
 339   6                                                      {
 340   7                                                              nCountDownSec --;
 341   7                                                              DisplayDecNumL (MAKEBCD(nCountDownSec));
 342   7                                                      }
 343   6                                              }
 344   5                                      }
 345   4                                      else if (!bStatusEC11B)
 346   4                                      {
 347   5                                              // Increase
 348   5                                              if (nFocusFlags == 0xF)
 349   5                                              {
 350   6                                                      if (nCountDownMin < 99)
 351   6                                                      {
 352   7                                                              nCountDownMin ++;
 353   7                                                              DisplayDecNumH (MAKEBCD(nCountDownMin));
 354   7                                                      }
 355   6                                              }
 356   5                                              else
 357   5                                              {
 358   6                                                      if (nCountDownSec < 59)
 359   6                                                      {
 360   7                                                              nCountDownSec ++;
 361   7                                                              DisplayDecNumL (MAKEBCD(nCountDownSec));
 362   7                                                      }
 363   6                                              }
 364   5                                      }
C51 COMPILER V7.10   MAIN                                                                  04/15/2017 20:41:12 PAGE 7   

 365   4                                      DotOn ();
 366   4                              }
 367   3                              bStatusEC11A = 1;
 368   3                              bStatusEC11B = 1;
 369   3                      }
 370   2                      else
 371   2                      {
 372   3                              bStatusEC11A = KEY_EC11_A;
 373   3                              bStatusEC11B = KEY_EC11_B;
 374   3                      }
 375   2      
 376   2      
 377   2                      if (!KEY_START)
 378   2                      {
 379   3                              Delay100ms ();
 380   3                              if (!KEY_START)
 381   3                              {
 382   4                                      while (!KEY_START);
 383   4      
 384   4                                      // On Press Start
 385   4                                      if (bCount)
 386   4                                      {
 387   5                                              //Stop
 388   5                                              bCount = 0;
 389   5                                              nCountDownMin = nLastMin;
 390   5                                              nCountDownSec = nLastSec;
 391   5                                              DisplayDecNum (MAKEBCD(nCountDownSec), MAKEBCD(nCountDownMin));
 392   5                                              DotOn ();
 393   5                                      }
 394   4                                      else if (nCountDownMin || nCountDownSec)
 395   4                                      {
 396   5                                              //Start
 397   5                                              if (!bPause)
 398   5                                              {
 399   6                                                      nLastMin = nCountDownMin;
 400   6                                                      nLastSec =  nCountDownSec;
 401   6                                              }
 402   5                                              bPause = 0;
 403   5                                              nMs = 0;
 404   5                                              n100Ms = 0;
 405   5                                              bCount = 1;
 406   5                                              nFocusFlags = 0xF;
 407   5                                      }
 408   4                                      else
 409   4                                      {
 410   5                                              // Error
 411   5                                              bSound = 1;
 412   5                                      }
 413   4                              }
 414   3                      }
 415   2      
 416   2                      if (!KEY_EC11_D)
 417   2                      {
 418   3                              Delay100ms ();
 419   3                              if (!KEY_EC11_D)
 420   3                              {
 421   4                                      while (!KEY_EC11_D);
 422   4      
 423   4                                      if (bCount)
 424   4                                      {
 425   5                                              //Pause
 426   5                                              bCount = 0;
C51 COMPILER V7.10   MAIN                                                                  04/15/2017 20:41:12 PAGE 8   

 427   5                                              bPause = 1;
 428   5                                              DotOn ();
 429   5                                      }
 430   4                                      else if (nFocusFlags == 0xF)
 431   4                                              nFocusFlags = 0xC; //Go in Sec
 432   4                                      else
 433   4                                              nFocusFlags = 0xF;
 434   4                              }
 435   3                      }
 436   2      
 437   2              }
 438   1      }


MODULE INFORMATION:   STATIC OVERLAYABLE
   CODE SIZE        =    754    ----
   CONSTANT SIZE    =     22    ----
   XDATA SIZE       =   ----    ----
   PDATA SIZE       =   ----    ----
   DATA SIZE        =     16    ----
   IDATA SIZE       =   ----    ----
   BIT SIZE         =      4       3
END OF MODULE INFORMATION.


C51 COMPILATION COMPLETE.  0 WARNING(S),  0 ERROR(S)
